<?xml version="1.0" encoding="UTF-8"?>
<testng-results ignored="0" total="2" passed="2" failed="0" skipped="0">
  <reporter-output>
  </reporter-output>
  <suite started-at="2020-11-02T15:37:10 IST" name="Default suite" finished-at="2020-11-02T15:37:10 IST" duration-ms="59">
    <groups>
    </groups>
    <test started-at="2020-11-02T15:37:10 IST" name="Default test" finished-at="2020-11-02T15:37:10 IST" duration-ms="59">
      <class name="Framework.AnnotationMethod">
        <test-method is-config="true" signature="beforeClass()[pri:0, instance:Framework.AnnotationMethod@60611244]" started-at="2020-11-02T15:37:10 IST" name="beforeClass" finished-at="2020-11-02T15:37:10 IST" duration-ms="6" status="PASS">
          <reporter-output>
          </reporter-output>
        </test-method> <!-- beforeClass -->
        <test-method is-config="true" signature="beforeMethod()[pri:0, instance:Framework.AnnotationMethod@60611244]" started-at="2020-11-02T15:37:10 IST" name="beforeMethod" finished-at="2020-11-02T15:37:10 IST" duration-ms="1" status="PASS">
          <reporter-output>
          </reporter-output>
        </test-method> <!-- beforeMethod -->
        <test-method signature="main1()[pri:0, instance:Framework.AnnotationMethod@60611244]" started-at="2020-11-02T15:37:10 IST" name="main1" finished-at="2020-11-02T15:37:10 IST" duration-ms="5" status="PASS">
          <reporter-output>
          </reporter-output>
        </test-method> <!-- main1 -->
        <test-method is-config="true" signature="afterMethod()[pri:0, instance:Framework.AnnotationMethod@60611244]" started-at="2020-11-02T15:37:10 IST" name="afterMethod" finished-at="2020-11-02T15:37:10 IST" duration-ms="0" status="PASS">
          <reporter-output>
          </reporter-output>
        </test-method> <!-- afterMethod -->
        <test-method is-config="true" signature="beforeMethod()[pri:0, instance:Framework.AnnotationMethod@60611244]" started-at="2020-11-02T15:37:10 IST" name="beforeMethod" finished-at="2020-11-02T15:37:10 IST" duration-ms="1" status="PASS">
          <reporter-output>
          </reporter-output>
        </test-method> <!-- beforeMethod -->
        <test-method signature="main2()[pri:0, instance:Framework.AnnotationMethod@60611244]" started-at="2020-11-02T15:37:10 IST" name="main2" finished-at="2020-11-02T15:37:10 IST" duration-ms="2" status="PASS">
          <reporter-output>
          </reporter-output>
        </test-method> <!-- main2 -->
        <test-method is-config="true" signature="afterMethod()[pri:0, instance:Framework.AnnotationMethod@60611244]" started-at="2020-11-02T15:37:10 IST" name="afterMethod" finished-at="2020-11-02T15:37:10 IST" duration-ms="0" status="PASS">
          <reporter-output>
          </reporter-output>
        </test-method> <!-- afterMethod -->
        <test-method is-config="true" signature="afterClass()[pri:0, instance:Framework.AnnotationMethod@60611244]" started-at="2020-11-02T15:37:10 IST" name="afterClass" finished-at="2020-11-02T15:37:10 IST" duration-ms="0" status="PASS">
          <reporter-output>
          </reporter-output>
        </test-method> <!-- afterClass -->
      </class> <!-- Framework.AnnotationMethod -->
    </test> <!-- Default test -->
  </suite> <!-- Default suite -->
</testng-results>
