<?xml version="1.0" encoding="UTF-8"?>
<testng-results ignored="0" total="1" passed="1" failed="0" skipped="0">
  <reporter-output>
  </reporter-output>
  <suite started-at="2020-11-06T09:21:45 IST" name="Default suite" finished-at="2020-11-06T09:22:01 IST" duration-ms="16718">
    <groups>
    </groups>
    <test started-at="2020-11-06T09:21:45 IST" name="Default test" finished-at="2020-11-06T09:22:01 IST" duration-ms="16718">
      <class name="Chrome.ICICI_Test">
        <test-method signature="chromeTest()[pri:0, instance:Chrome.ICICI_Test@3a079870]" started-at="2020-11-06T09:21:45 IST" name="chromeTest" finished-at="2020-11-06T09:22:01 IST" duration-ms="16653" status="PASS">
          <reporter-output>
          </reporter-output>
        </test-method> <!-- chromeTest -->
      </class> <!-- Chrome.ICICI_Test -->
    </test> <!-- Default test -->
  </suite> <!-- Default suite -->
</testng-results>
