<?xml version="1.0" encoding="UTF-8"?>
<!-- Generated by org.testng.reporters.JUnitXMLReporter -->
<testsuite ignored="1" hostname="m2" failures="0" tests="8" name="Test" time="11.871" errors="0" timestamp="2020-11-02T14:40:30 IST">
  <testcase classname="Framework.Sample" name="y" time="0.009"/>
  <testcase classname="Framework.Sample" name="z" time="0.002"/>
  <testcase classname="Framework.OrangeHRM" name="init" time="5.733"/>
  <testcase classname="Framework.OrangeHRM" name="login" time="3.133"/>
  <testcase classname="Framework.OrangeHRM" name="performance" time="1.201"/>
  <testcase classname="Framework.Popup" name="init" time="1.48"/>
  <testcase classname="Framework.Popup" name="confirmBox" time="0.133"/>
  <testcase classname="Framework.Popup" name="promptBox" time="0.11"/>
  <testcase classname="Framework.Sample" name="x" time="0.0">
    <ignored/>
  </testcase> <!-- x -->
</testsuite> <!-- Test -->
